[2m2022-11-24 10:46:53.394[0;39m [32m INFO[0;39m [35m12024[0;39m [2m---[0;39m [2m[           main][0;39m [36mo.s.b.w.embedded.tomcat.TomcatWebServer [0;39m [2m:[0;39m Tomcat initialized with port(s): 9999 (http)
[2m2022-11-24 10:46:53.471[0;39m [32m INFO[0;39m [35m12024[0;39m [2m---[0;39m [2m[           main][0;39m [36mw.s.c.ServletWebServerApplicationContext[0;39m [2m:[0;39m Root WebApplicationContext: initialization completed in 913 ms
[2m2022-11-24 10:46:54.052[0;39m [32m INFO[0;39m [35m12024[0;39m [2m---[0;39m [2m[           main][0;39m [36mo.s.b.w.embedded.tomcat.TomcatWebServer [0;39m [2m:[0;39m Tomcat started on port(s): 9999 (http) with context path '/vue'
[2m2022-11-24 10:47:46.844[0;39m [32m INFO[0;39m [35m12024[0;39m [2m---[0;39m [2m[nio-9999-exec-1][0;39m [36mo.s.web.servlet.DispatcherServlet       [0;39m [2m:[0;39m Initializing Servlet 'dispatcherServlet'
[2m2022-11-24 10:47:46.846[0;39m [32m INFO[0;39m [35m12024[0;39m [2m---[0;39m [2m[nio-9999-exec-1][0;39m [36mo.s.web.servlet.DispatcherServlet       [0;39m [2m:[0;39m Completed initialization in 1 ms
[2m2022-11-24 10:47:47.126[0;39m [31mERROR[0;39m [35m12024[0;39m [2m---[0;39m [2m[nio-9999-exec-2][0;39m [36mc.ssafy.vue.controller.MemberController [0;39m [2m:[0;39m 회원가입 실패 : {}

org.springframework.dao.DataIntegrityViolationException: 
### Error updating database.  Cause: com.mysql.cj.jdbc.exceptions.MysqlDataTruncation: Data truncation: Data too long for column 'email' at row 1
### The error may exist in file [C:\Users\multicampus\Desktop\fianl project\VueApi\target\classes\mappers\member.xml]
### The error may involve com.ssafy.vue.model.mapper.MemberMapper.regist-Inline
### The error occurred while setting parameters
### SQL: insert into ssafy_member (userid, username, userpwd, email)   values (?, ?, ?, ?)
### Cause: com.mysql.cj.jdbc.exceptions.MysqlDataTruncation: Data truncation: Data too long for column 'email' at row 1
; Data truncation: Data too long for column 'email' at row 1; nested exception is com.mysql.cj.jdbc.exceptions.MysqlDataTruncation: Data truncation: Data too long for column 'email' at row 1
	at org.springframework.jdbc.support.SQLStateSQLExceptionTranslator.doTranslate(SQLStateSQLExceptionTranslator.java:104)
	at org.springframework.jdbc.support.AbstractFallbackSQLExceptionTranslator.translate(AbstractFallbackSQLExceptionTranslator.java:70)
	at org.springframework.jdbc.support.AbstractFallbackSQLExceptionTranslator.translate(AbstractFallbackSQLExceptionTranslator.java:79)
	at org.springframework.jdbc.support.AbstractFallbackSQLExceptionTranslator.translate(AbstractFallbackSQLExceptionTranslator.java:79)
	at org.mybatis.spring.MyBatisExceptionTranslator.translateExceptionIfPossible(MyBatisExceptionTranslator.java:91)
	at org.mybatis.spring.SqlSessionTemplate$SqlSessionInterceptor.invoke(SqlSessionTemplate.java:441)
	at com.sun.proxy.$Proxy78.insert(Unknown Source)
	at org.mybatis.spring.SqlSessionTemplate.insert(SqlSessionTemplate.java:272)
	at org.apache.ibatis.binding.MapperMethod.execute(MapperMethod.java:62)
	at org.apache.ibatis.binding.MapperProxy$PlainMethodInvoker.invoke(MapperProxy.java:145)
	at org.apache.ibatis.binding.MapperProxy.invoke(MapperProxy.java:86)
	at com.sun.proxy.$Proxy103.regist(Unknown Source)
	at com.ssafy.vue.model.service.MemberServiceImpl.regist(MemberServiceImpl.java:56)
	at com.ssafy.vue.controller.MemberController.regist(MemberController.java:148)
	at sun.reflect.NativeMethodAccessorImpl.invoke0(Native Method)
	at sun.reflect.NativeMethodAccessorImpl.invoke(NativeMethodAccessorImpl.java:62)
	at sun.reflect.DelegatingMethodAccessorImpl.invoke(DelegatingMethodAccessorImpl.java:43)
	at java.lang.reflect.Method.invoke(Method.java:498)
	at org.springframework.web.method.support.InvocableHandlerMethod.doInvoke(InvocableHandlerMethod.java:205)
	at org.springframework.web.method.support.InvocableHandlerMethod.invokeForRequest(InvocableHandlerMethod.java:150)
	at org.springframework.web.servlet.mvc.method.annotation.ServletInvocableHandlerMethod.invokeAndHandle(ServletInvocableHandlerMethod.java:117)
	at org.springframework.web.servlet.mvc.method.annotation.RequestMappingHandlerAdapter.invokeHandlerMethod(RequestMappingHandlerAdapter.java:895)
	at org.springframework.web.servlet.mvc.method.annotation.RequestMappingHandlerAdapter.handleInternal(RequestMappingHandlerAdapter.java:808)
	at org.springframework.web.servlet.mvc.method.AbstractHandlerMethodAdapter.handle(AbstractHandlerMethodAdapter.java:87)
	at org.springframework.web.servlet.DispatcherServlet.doDispatch(DispatcherServlet.java:1071)
	at org.springframework.web.servlet.DispatcherServlet.doService(DispatcherServlet.java:964)
	at org.springframework.web.servlet.FrameworkServlet.processRequest(FrameworkServlet.java:1006)
	at org.springframework.web.servlet.FrameworkServlet.doPost(FrameworkServlet.java:909)
	at javax.servlet.http.HttpServlet.service(HttpServlet.java:696)
	at org.springframework.web.servlet.FrameworkServlet.service(FrameworkServlet.java:883)
	at javax.servlet.http.HttpServlet.service(HttpServlet.java:779)
	at org.apache.catalina.core.ApplicationFilterChain.internalDoFilter(ApplicationFilterChain.java:227)
	at org.apache.catalina.core.ApplicationFilterChain.doFilter(ApplicationFilterChain.java:162)
	at org.apache.tomcat.websocket.server.WsFilter.doFilter(WsFilter.java:53)
	at org.apache.catalina.core.ApplicationFilterChain.internalDoFilter(ApplicationFilterChain.java:189)
	at org.apache.catalina.core.ApplicationFilterChain.doFilter(ApplicationFilterChain.java:162)
	at org.springframework.web.filter.CharacterEncodingFilter.doFilterInternal(CharacterEncodingFilter.java:201)
	at org.springframework.web.filter.OncePerRequestFilter.doFilter(OncePerRequestFilter.java:117)
	at org.apache.catalina.core.ApplicationFilterChain.internalDoFilter(ApplicationFilterChain.java:189)
	at org.apache.catalina.core.ApplicationFilterChain.doFilter(ApplicationFilterChain.java:162)
	at org.apache.catalina.core.StandardWrapperValve.invoke(StandardWrapperValve.java:197)
	at org.apache.catalina.core.StandardContextValve.invoke(StandardContextValve.java:97)
	at org.apache.catalina.authenticator.AuthenticatorBase.invoke(AuthenticatorBase.java:541)
	at org.apache.catalina.core.StandardHostValve.invoke(StandardHostValve.java:135)
	at org.apache.catalina.valves.ErrorReportValve.invoke(ErrorReportValve.java:92)
	at org.apache.catalina.core.StandardEngineValve.invoke(StandardEngineValve.java:78)
	at org.apache.catalina.connector.CoyoteAdapter.service(CoyoteAdapter.java:360)
	at org.apache.coyote.http11.Http11Processor.service(Http11Processor.java:399)
	at org.apache.coyote.AbstractProcessorLight.process(AbstractProcessorLight.java:65)
	at org.apache.coyote.AbstractProtocol$ConnectionHandler.process(AbstractProtocol.java:893)
	at org.apache.tomcat.util.net.NioEndpoint$SocketProcessor.doRun(NioEndpoint.java:1789)
	at org.apache.tomcat.util.net.SocketProcessorBase.run(SocketProcessorBase.java:49)
	at org.apache.tomcat.util.threads.ThreadPoolExecutor.runWorker(ThreadPoolExecutor.java:1191)
	at org.apache.tomcat.util.threads.ThreadPoolExecutor$Worker.run(ThreadPoolExecutor.java:659)
	at org.apache.tomcat.util.threads.TaskThread$WrappingRunnable.run(TaskThread.java:61)
	at java.lang.Thread.run(Thread.java:748)
Caused by: com.mysql.cj.jdbc.exceptions.MysqlDataTruncation: Data truncation: Data too long for column 'email' at row 1
	at com.mysql.cj.jdbc.exceptions.SQLExceptionsMapping.translateException(SQLExceptionsMapping.java:104)
	at com.mysql.cj.jdbc.ClientPreparedStatement.executeInternal(ClientPreparedStatement.java:916)
	at com.mysql.cj.jdbc.ClientPreparedStatement.execute(ClientPreparedStatement.java:354)
	at com.zaxxer.hikari.pool.ProxyPreparedStatement.execute(ProxyPreparedStatement.java:44)
	at com.zaxxer.hikari.pool.HikariProxyPreparedStatement.execute(HikariProxyPreparedStatement.java)
	at org.apache.ibatis.executor.statement.PreparedStatementHandler.update(PreparedStatementHandler.java:47)
	at org.apache.ibatis.executor.statement.RoutingStatementHandler.update(RoutingStatementHandler.java:74)
	at org.apache.ibatis.executor.SimpleExecutor.doUpdate(SimpleExecutor.java:50)
	at org.apache.ibatis.executor.BaseExecutor.update(BaseExecutor.java:117)
	at org.apache.ibatis.executor.CachingExecutor.update(CachingExecutor.java:76)
	at org.apache.ibatis.session.defaults.DefaultSqlSession.update(DefaultSqlSession.java:194)
	at org.apache.ibatis.session.defaults.DefaultSqlSession.insert(DefaultSqlSession.java:181)
	at sun.reflect.NativeMethodAccessorImpl.invoke0(Native Method)
	at sun.reflect.NativeMethodAccessorImpl.invoke(NativeMethodAccessorImpl.java:62)
	at sun.reflect.DelegatingMethodAccessorImpl.invoke(DelegatingMethodAccessorImpl.java:43)
	at java.lang.reflect.Method.invoke(Method.java:498)
	at org.mybatis.spring.SqlSessionTemplate$SqlSessionInterceptor.invoke(SqlSessionTemplate.java:427)
	... 50 common frames omitted

[2m2022-11-24 10:53:46.927[0;39m [31mERROR[0;39m [35m12024[0;39m [2m---[0;39m [2m[nio-9999-exec-3][0;39m [36mc.ssafy.vue.controller.MemberController [0;39m [2m:[0;39m 회원가입 실패 : {}

org.springframework.dao.DataIntegrityViolationException: 
### Error updating database.  Cause: com.mysql.cj.jdbc.exceptions.MysqlDataTruncation: Data truncation: Data too long for column 'email' at row 1
### The error may exist in file [C:\Users\multicampus\Desktop\fianl project\VueApi\target\classes\mappers\member.xml]
### The error may involve com.ssafy.vue.model.mapper.MemberMapper.regist-Inline
### The error occurred while setting parameters
### SQL: insert into ssafy_member (userid, username, userpwd, email)   values (?, ?, ?, ?)
### Cause: com.mysql.cj.jdbc.exceptions.MysqlDataTruncation: Data truncation: Data too long for column 'email' at row 1
; Data truncation: Data too long for column 'email' at row 1; nested exception is com.mysql.cj.jdbc.exceptions.MysqlDataTruncation: Data truncation: Data too long for column 'email' at row 1
	at org.springframework.jdbc.support.SQLStateSQLExceptionTranslator.doTranslate(SQLStateSQLExceptionTranslator.java:104)
	at org.springframework.jdbc.support.AbstractFallbackSQLExceptionTranslator.translate(AbstractFallbackSQLExceptionTranslator.java:70)
	at org.springframework.jdbc.support.AbstractFallbackSQLExceptionTranslator.translate(AbstractFallbackSQLExceptionTranslator.java:79)
	at org.springframework.jdbc.support.AbstractFallbackSQLExceptionTranslator.translate(AbstractFallbackSQLExceptionTranslator.java:79)
	at org.mybatis.spring.MyBatisExceptionTranslator.translateExceptionIfPossible(MyBatisExceptionTranslator.java:91)
	at org.mybatis.spring.SqlSessionTemplate$SqlSessionInterceptor.invoke(SqlSessionTemplate.java:441)
	at com.sun.proxy.$Proxy78.insert(Unknown Source)
	at org.mybatis.spring.SqlSessionTemplate.insert(SqlSessionTemplate.java:272)
	at org.apache.ibatis.binding.MapperMethod.execute(MapperMethod.java:62)
	at org.apache.ibatis.binding.MapperProxy$PlainMethodInvoker.invoke(MapperProxy.java:145)
	at org.apache.ibatis.binding.MapperProxy.invoke(MapperProxy.java:86)
	at com.sun.proxy.$Proxy103.regist(Unknown Source)
	at com.ssafy.vue.model.service.MemberServiceImpl.regist(MemberServiceImpl.java:56)
	at com.ssafy.vue.controller.MemberController.regist(MemberController.java:148)
	at sun.reflect.NativeMethodAccessorImpl.invoke0(Native Method)
	at sun.reflect.NativeMethodAccessorImpl.invoke(NativeMethodAccessorImpl.java:62)
	at sun.reflect.DelegatingMethodAccessorImpl.invoke(DelegatingMethodAccessorImpl.java:43)
	at java.lang.reflect.Method.invoke(Method.java:498)
	at org.springframework.web.method.support.InvocableHandlerMethod.doInvoke(InvocableHandlerMethod.java:205)
	at org.springframework.web.method.support.InvocableHandlerMethod.invokeForRequest(InvocableHandlerMethod.java:150)
	at org.springframework.web.servlet.mvc.method.annotation.ServletInvocableHandlerMethod.invokeAndHandle(ServletInvocableHandlerMethod.java:117)
	at org.springframework.web.servlet.mvc.method.annotation.RequestMappingHandlerAdapter.invokeHandlerMethod(RequestMappingHandlerAdapter.java:895)
	at org.springframework.web.servlet.mvc.method.annotation.RequestMappingHandlerAdapter.handleInternal(RequestMappingHandlerAdapter.java:808)
	at org.springframework.web.servlet.mvc.method.AbstractHandlerMethodAdapter.handle(AbstractHandlerMethodAdapter.java:87)
	at org.springframework.web.servlet.DispatcherServlet.doDispatch(DispatcherServlet.java:1071)
	at org.springframework.web.servlet.DispatcherServlet.doService(DispatcherServlet.java:964)
	at org.springframework.web.servlet.FrameworkServlet.processRequest(FrameworkServlet.java:1006)
	at org.springframework.web.servlet.FrameworkServlet.doPost(FrameworkServlet.java:909)
	at javax.servlet.http.HttpServlet.service(HttpServlet.java:696)
	at org.springframework.web.servlet.FrameworkServlet.service(FrameworkServlet.java:883)
	at javax.servlet.http.HttpServlet.service(HttpServlet.java:779)
	at org.apache.catalina.core.ApplicationFilterChain.internalDoFilter(ApplicationFilterChain.java:227)
	at org.apache.catalina.core.ApplicationFilterChain.doFilter(ApplicationFilterChain.java:162)
	at org.apache.tomcat.websocket.server.WsFilter.doFilter(WsFilter.java:53)
	at org.apache.catalina.core.ApplicationFilterChain.internalDoFilter(ApplicationFilterChain.java:189)
	at org.apache.catalina.core.ApplicationFilterChain.doFilter(ApplicationFilterChain.java:162)
	at org.springframework.web.filter.CharacterEncodingFilter.doFilterInternal(CharacterEncodingFilter.java:201)
	at org.springframework.web.filter.OncePerRequestFilter.doFilter(OncePerRequestFilter.java:117)
	at org.apache.catalina.core.ApplicationFilterChain.internalDoFilter(ApplicationFilterChain.java:189)
	at org.apache.catalina.core.ApplicationFilterChain.doFilter(ApplicationFilterChain.java:162)
	at org.apache.catalina.core.StandardWrapperValve.invoke(StandardWrapperValve.java:197)
	at org.apache.catalina.core.StandardContextValve.invoke(StandardContextValve.java:97)
	at org.apache.catalina.authenticator.AuthenticatorBase.invoke(AuthenticatorBase.java:541)
	at org.apache.catalina.core.StandardHostValve.invoke(StandardHostValve.java:135)
	at org.apache.catalina.valves.ErrorReportValve.invoke(ErrorReportValve.java:92)
	at org.apache.catalina.core.StandardEngineValve.invoke(StandardEngineValve.java:78)
	at org.apache.catalina.connector.CoyoteAdapter.service(CoyoteAdapter.java:360)
	at org.apache.coyote.http11.Http11Processor.service(Http11Processor.java:399)
	at org.apache.coyote.AbstractProcessorLight.process(AbstractProcessorLight.java:65)
	at org.apache.coyote.AbstractProtocol$ConnectionHandler.process(AbstractProtocol.java:893)
	at org.apache.tomcat.util.net.NioEndpoint$SocketProcessor.doRun(NioEndpoint.java:1789)
	at org.apache.tomcat.util.net.SocketProcessorBase.run(SocketProcessorBase.java:49)
	at org.apache.tomcat.util.threads.ThreadPoolExecutor.runWorker(ThreadPoolExecutor.java:1191)
	at org.apache.tomcat.util.threads.ThreadPoolExecutor$Worker.run(ThreadPoolExecutor.java:659)
	at org.apache.tomcat.util.threads.TaskThread$WrappingRunnable.run(TaskThread.java:61)
	at java.lang.Thread.run(Thread.java:748)
Caused by: com.mysql.cj.jdbc.exceptions.MysqlDataTruncation: Data truncation: Data too long for column 'email' at row 1
	at com.mysql.cj.jdbc.exceptions.SQLExceptionsMapping.translateException(SQLExceptionsMapping.java:104)
	at com.mysql.cj.jdbc.ClientPreparedStatement.executeInternal(ClientPreparedStatement.java:916)
	at com.mysql.cj.jdbc.ClientPreparedStatement.execute(ClientPreparedStatement.java:354)
	at com.zaxxer.hikari.pool.ProxyPreparedStatement.execute(ProxyPreparedStatement.java:44)
	at com.zaxxer.hikari.pool.HikariProxyPreparedStatement.execute(HikariProxyPreparedStatement.java)
	at org.apache.ibatis.executor.statement.PreparedStatementHandler.update(PreparedStatementHandler.java:47)
	at org.apache.ibatis.executor.statement.RoutingStatementHandler.update(RoutingStatementHandler.java:74)
	at org.apache.ibatis.executor.SimpleExecutor.doUpdate(SimpleExecutor.java:50)
	at org.apache.ibatis.executor.BaseExecutor.update(BaseExecutor.java:117)
	at org.apache.ibatis.executor.CachingExecutor.update(CachingExecutor.java:76)
	at org.apache.ibatis.session.defaults.DefaultSqlSession.update(DefaultSqlSession.java:194)
	at org.apache.ibatis.session.defaults.DefaultSqlSession.insert(DefaultSqlSession.java:181)
	at sun.reflect.NativeMethodAccessorImpl.invoke0(Native Method)
	at sun.reflect.NativeMethodAccessorImpl.invoke(NativeMethodAccessorImpl.java:62)
	at sun.reflect.DelegatingMethodAccessorImpl.invoke(DelegatingMethodAccessorImpl.java:43)
	at java.lang.reflect.Method.invoke(Method.java:498)
	at org.mybatis.spring.SqlSessionTemplate$SqlSessionInterceptor.invoke(SqlSessionTemplate.java:427)
	... 50 common frames omitted

[2m2022-11-24 12:00:23.642[0;39m [32m INFO[0;39m [35m12024[0;39m [2m---[0;39m [2m[n(83)-127.0.0.1][0;39m [36minMXBeanRegistrar$SpringApplicationAdmin[0;39m [2m:[0;39m Application shutdown requested.
[2m2022-11-24 12:00:23.756[0;39m [33m WARN[0;39m [35m12024[0;39m [2m---[0;39m [2m[n(83)-127.0.0.1][0;39m [36mo.a.c.loader.WebappClassLoaderBase      [0;39m [2m:[0;39m The web application [vue] appears to have started a thread named [HikariPool-1 housekeeper] but has failed to stop it. This is very likely to create a memory leak. Stack trace of thread:
 sun.misc.Unsafe.park(Native Method)
 java.util.concurrent.locks.LockSupport.parkNanos(LockSupport.java:215)
 java.util.concurrent.locks.AbstractQueuedSynchronizer$ConditionObject.awaitNanos(AbstractQueuedSynchronizer.java:2078)
 java.util.concurrent.ScheduledThreadPoolExecutor$DelayedWorkQueue.take(ScheduledThreadPoolExecutor.java:1093)
 java.util.concurrent.ScheduledThreadPoolExecutor$DelayedWorkQueue.take(ScheduledThreadPoolExecutor.java:809)
 java.util.concurrent.ThreadPoolExecutor.getTask(ThreadPoolExecutor.java:1074)
 java.util.concurrent.ThreadPoolExecutor.runWorker(ThreadPoolExecutor.java:1134)
 java.util.concurrent.ThreadPoolExecutor$Worker.run(ThreadPoolExecutor.java:624)
 java.lang.Thread.run(Thread.java:748)
[2m2022-11-24 13:15:32.017[0;39m [32m INFO[0;39m [35m15844[0;39m [2m---[0;39m [2m[           main][0;39m [36mo.s.b.w.embedded.tomcat.TomcatWebServer [0;39m [2m:[0;39m Tomcat initialized with port(s): 9999 (http)
[2m2022-11-24 13:15:32.092[0;39m [32m INFO[0;39m [35m15844[0;39m [2m---[0;39m [2m[           main][0;39m [36mw.s.c.ServletWebServerApplicationContext[0;39m [2m:[0;39m Root WebApplicationContext: initialization completed in 835 ms
[2m2022-11-24 13:15:32.626[0;39m [32m INFO[0;39m [35m15844[0;39m [2m---[0;39m [2m[           main][0;39m [36mo.s.b.w.embedded.tomcat.TomcatWebServer [0;39m [2m:[0;39m Tomcat started on port(s): 9999 (http) with context path '/vue'
[2m2022-11-24 13:16:25.932[0;39m [32m INFO[0;39m [35m15844[0;39m [2m---[0;39m [2m[nio-9999-exec-1][0;39m [36mo.s.web.servlet.DispatcherServlet       [0;39m [2m:[0;39m Initializing Servlet 'dispatcherServlet'
[2m2022-11-24 13:16:25.932[0;39m [32m INFO[0;39m [35m15844[0;39m [2m---[0;39m [2m[nio-9999-exec-1][0;39m [36mo.s.web.servlet.DispatcherServlet       [0;39m [2m:[0;39m Completed initialization in 0 ms
[2m2022-11-24 13:16:32.290[0;39m [32mDEBUG[0;39m [35m15844[0;39m [2m---[0;39m [2m[nio-9999-exec-3][0;39m [36mc.ssafy.vue.controller.MemberController [0;39m [2m:[0;39m 로그인 accessToken 정보 : eyJ0eXAiOiJKV1QiLCJyZWdEYXRlIjoxNjY5MjYzMzkyMjY1LCJhbGciOiJIUzI1NiJ9.eyJleHAiOjE2NjkyNjUxOTIsInN1YiI6ImFjY2Vzcy10b2tlbiIsInVzZXJpZCI6Inp6eiJ9.Sx3xPpVqQkXCL60OqiDH7_Q8_O5XU9b8o78AmTxr5JE
[2m2022-11-24 13:16:32.291[0;39m [32mDEBUG[0;39m [35m15844[0;39m [2m---[0;39m [2m[nio-9999-exec-3][0;39m [36mc.ssafy.vue.controller.MemberController [0;39m [2m:[0;39m 로그인 refreshToken 정보 : eyJ0eXAiOiJKV1QiLCJyZWdEYXRlIjoxNjY5MjYzMzkyMjgzLCJhbGciOiJIUzI1NiJ9.eyJleHAiOjE2NjczODc2MjQsInN1YiI6InJlZnJlc2gtdG9rZW4iLCJ1c2VyaWQiOiJ6enoifQ.GukydYFORvkRpr_iLnPO3zoj7rrLzTs9O_FZ7HHa2LQ
[2m2022-11-24 13:18:17.018[0;39m [32mDEBUG[0;39m [35m15844[0;39m [2m---[0;39m [2m[nio-9999-exec-2][0;39m [36mc.ssafy.vue.controller.MemberController [0;39m [2m:[0;39m 로그인 accessToken 정보 : eyJ0eXAiOiJKV1QiLCJyZWdEYXRlIjoxNjY5MjYzNDk3MDA2LCJhbGciOiJIUzI1NiJ9.eyJleHAiOjE2NjkyNjUyOTcsInN1YiI6ImFjY2Vzcy10b2tlbiIsInVzZXJpZCI6ImFhIn0.jZUtslb3hC7oycIOjQNbCkBBsy1drKiGpcs4ItcKRiY
[2m2022-11-24 13:18:17.018[0;39m [32mDEBUG[0;39m [35m15844[0;39m [2m---[0;39m [2m[nio-9999-exec-2][0;39m [36mc.ssafy.vue.controller.MemberController [0;39m [2m:[0;39m 로그인 refreshToken 정보 : eyJ0eXAiOiJKV1QiLCJyZWdEYXRlIjoxNjY5MjYzNDk3MDA3LCJhbGciOiJIUzI1NiJ9.eyJleHAiOjE2NjczODc3MjksInN1YiI6InJlZnJlc2gtdG9rZW4iLCJ1c2VyaWQiOiJhYSJ9.08WxW2ocWW8raB0mzJny1RTpw1b2p3XMelhcjQEEuX0
[2m2022-11-24 13:18:34.797[0;39m [32mDEBUG[0;39m [35m15844[0;39m [2m---[0;39m [2m[nio-9999-exec-3][0;39m [36mc.ssafy.vue.controller.MemberController [0;39m [2m:[0;39m 로그인 accessToken 정보 : eyJ0eXAiOiJKV1QiLCJyZWdEYXRlIjoxNjY5MjYzNTE0NzkwLCJhbGciOiJIUzI1NiJ9.eyJleHAiOjE2NjkyNjUzMTQsInN1YiI6ImFjY2Vzcy10b2tlbiIsInVzZXJpZCI6IndvZ2t3b2drIn0.LA16GlRWJ9dFvymJKKJ_Su7-cOBfjWGOvDJHMveZqeg
[2m2022-11-24 13:18:34.797[0;39m [32mDEBUG[0;39m [35m15844[0;39m [2m---[0;39m [2m[nio-9999-exec-3][0;39m [36mc.ssafy.vue.controller.MemberController [0;39m [2m:[0;39m 로그인 refreshToken 정보 : eyJ0eXAiOiJKV1QiLCJyZWdEYXRlIjoxNjY5MjYzNTE0NzkwLCJhbGciOiJIUzI1NiJ9.eyJleHAiOjE2NjczODc3NDcsInN1YiI6InJlZnJlc2gtdG9rZW4iLCJ1c2VyaWQiOiJ3b2drd29nayJ9.umHmWOWHg-L8ZdcMJ-Yc8UWbqjCM9frN5-fJx_8vp2w
[2m2022-11-24 13:20:01.862[0;39m [32m INFO[0;39m [35m15844[0;39m [2m---[0;39m [2m[nio-9999-exec-3][0;39m [36mc.s.vue.controller.HouseMapController   [0;39m [2m:[0;39m sido - 호출
[2m2022-11-24 13:20:03.857[0;39m [32m INFO[0;39m [35m15844[0;39m [2m---[0;39m [2m[nio-9999-exec-4][0;39m [36mc.s.vue.controller.HouseMapController   [0;39m [2m:[0;39m gugun - 호출
[2m2022-11-24 13:20:10.719[0;39m [32m INFO[0;39m [35m15844[0;39m [2m---[0;39m [2m[nio-9999-exec-5][0;39m [36mc.s.vue.controller.HouseMapController   [0;39m [2m:[0;39m gugun - 호출
[2m2022-11-24 13:20:33.474[0;39m [32m INFO[0;39m [35m15844[0;39m [2m---[0;39m [2m[nio-9999-exec-6][0;39m [36mc.ssafy.vue.controller.BoardController  [0;39m [2m:[0;39m listArticle - 호출
[2m2022-11-24 13:21:23.572[0;39m [32mDEBUG[0;39m [35m15844[0;39m [2m---[0;39m [2m[io-9999-exec-10][0;39m [36mc.ssafy.vue.controller.MemberController [0;39m [2m:[0;39m 로그인 accessToken 정보 : eyJ0eXAiOiJKV1QiLCJyZWdEYXRlIjoxNjY5MjYzNjgzNTY1LCJhbGciOiJIUzI1NiJ9.eyJleHAiOjE2NjkyNjU0ODMsInN1YiI6ImFjY2Vzcy10b2tlbiIsInVzZXJpZCI6ImJiYmIifQ.ulKIGt12qXhkfoBpe1xKG18RF7DctIadAzSlauHfWJQ
[2m2022-11-24 13:21:23.572[0;39m [32mDEBUG[0;39m [35m15844[0;39m [2m---[0;39m [2m[io-9999-exec-10][0;39m [36mc.ssafy.vue.controller.MemberController [0;39m [2m:[0;39m 로그인 refreshToken 정보 : eyJ0eXAiOiJKV1QiLCJyZWdEYXRlIjoxNjY5MjYzNjgzNTY1LCJhbGciOiJIUzI1NiJ9.eyJleHAiOjE2NjczODc5MTYsInN1YiI6InJlZnJlc2gtdG9rZW4iLCJ1c2VyaWQiOiJiYmJiIn0.NFi-KUZzNzRV5qv7AMiZqt_xRDVWT928seVx8HQkjEc
[2m2022-11-24 13:21:53.629[0;39m [32m INFO[0;39m [35m15844[0;39m [2m---[0;39m [2m[nio-9999-exec-9][0;39m [36mc.s.vue.controller.HouseMapController   [0;39m [2m:[0;39m sido - 호출
[2m2022-11-24 13:21:55.504[0;39m [32m INFO[0;39m [35m15844[0;39m [2m---[0;39m [2m[io-9999-exec-10][0;39m [36mc.s.vue.controller.HouseMapController   [0;39m [2m:[0;39m gugun - 호출
[2m2022-11-24 13:24:43.630[0;39m [32m INFO[0;39m [35m15844[0;39m [2m---[0;39m [2m[nio-9999-exec-5][0;39m [36mc.s.vue.controller.HouseMapController   [0;39m [2m:[0;39m sido - 호출
[2m2022-11-24 13:24:45.519[0;39m [32m INFO[0;39m [35m15844[0;39m [2m---[0;39m [2m[nio-9999-exec-6][0;39m [36mc.s.vue.controller.HouseMapController   [0;39m [2m:[0;39m gugun - 호출
[2m2022-11-24 13:24:49.632[0;39m [32m INFO[0;39m [35m15844[0;39m [2m---[0;39m [2m[nio-9999-exec-8][0;39m [36mc.s.vue.controller.HouseMapController   [0;39m [2m:[0;39m sido - 호출
[2m2022-11-24 13:24:50.396[0;39m [32m INFO[0;39m [35m15844[0;39m [2m---[0;39m [2m[nio-9999-exec-9][0;39m [36mc.s.vue.controller.HouseMapController   [0;39m [2m:[0;39m sido - 호출
[2m2022-11-24 13:24:52.050[0;39m [32m INFO[0;39m [35m15844[0;39m [2m---[0;39m [2m[io-9999-exec-10][0;39m [36mc.s.vue.controller.HouseMapController   [0;39m [2m:[0;39m gugun - 호출
[2m2022-11-24 13:24:57.087[0;39m [32m INFO[0;39m [35m15844[0;39m [2m---[0;39m [2m[nio-9999-exec-1][0;39m [36mc.s.vue.controller.HouseMapController   [0;39m [2m:[0;39m sido - 호출
[2m2022-11-24 13:25:02.661[0;39m [32m INFO[0;39m [35m15844[0;39m [2m---[0;39m [2m[nio-9999-exec-2][0;39m [36mc.s.vue.controller.HouseMapController   [0;39m [2m:[0;39m sido - 호출
[2m2022-11-24 13:25:05.344[0;39m [32m INFO[0;39m [35m15844[0;39m [2m---[0;39m [2m[nio-9999-exec-3][0;39m [36mc.s.vue.controller.HouseMapController   [0;39m [2m:[0;39m gugun - 호출
[2m2022-11-24 13:25:17.595[0;39m [32m INFO[0;39m [35m15844[0;39m [2m---[0;39m [2m[nio-9999-exec-4][0;39m [36mc.s.vue.controller.HouseMapController   [0;39m [2m:[0;39m sido - 호출
[2m2022-11-24 13:25:18.605[0;39m [32m INFO[0;39m [35m15844[0;39m [2m---[0;39m [2m[nio-9999-exec-5][0;39m [36mc.s.vue.controller.HouseMapController   [0;39m [2m:[0;39m gugun - 호출
[2m2022-11-24 13:25:34.172[0;39m [32m INFO[0;39m [35m15844[0;39m [2m---[0;39m [2m[nio-9999-exec-6][0;39m [36mc.s.vue.controller.HouseMapController   [0;39m [2m:[0;39m sido - 호출
[2m2022-11-24 13:25:35.333[0;39m [32m INFO[0;39m [35m15844[0;39m [2m---[0;39m [2m[nio-9999-exec-7][0;39m [36mc.s.vue.controller.HouseMapController   [0;39m [2m:[0;39m gugun - 호출
[2m2022-11-24 13:56:31.682[0;39m [32mDEBUG[0;39m [35m15844[0;39m [2m---[0;39m [2m[nio-9999-exec-5][0;39m [36mc.ssafy.vue.controller.MemberController [0;39m [2m:[0;39m 로그인 accessToken 정보 : eyJ0eXAiOiJKV1QiLCJyZWdEYXRlIjoxNjY5MjY1NzkxNjc2LCJhbGciOiJIUzI1NiJ9.eyJleHAiOjE2NjkyNjc1OTEsInN1YiI6ImFjY2Vzcy10b2tlbiIsInVzZXJpZCI6IndvZ2sifQ.pr7pSnZcQBe9ijLbC2d62nH0ex-RdBlq07nKRKacwPk
[2m2022-11-24 13:56:31.682[0;39m [32mDEBUG[0;39m [35m15844[0;39m [2m---[0;39m [2m[nio-9999-exec-5][0;39m [36mc.ssafy.vue.controller.MemberController [0;39m [2m:[0;39m 로그인 refreshToken 정보 : eyJ0eXAiOiJKV1QiLCJyZWdEYXRlIjoxNjY5MjY1NzkxNjc2LCJhbGciOiJIUzI1NiJ9.eyJleHAiOjE2NjczOTAwMjQsInN1YiI6InJlZnJlc2gtdG9rZW4iLCJ1c2VyaWQiOiJ3b2drIn0.b1-NA-D__YJm4dTndKFCFPVEzwhRC4rat41D4UPiPlc
[2m2022-11-24 13:57:22.224[0;39m [32m INFO[0;39m [35m15844[0;39m [2m---[0;39m [2m[nio-9999-exec-2][0;39m [36mc.s.vue.controller.HouseMapController   [0;39m [2m:[0;39m sido - 호출
[2m2022-11-24 13:57:34.243[0;39m [32mDEBUG[0;39m [35m15844[0;39m [2m---[0;39m [2m[nio-9999-exec-7][0;39m [36mc.ssafy.vue.controller.MemberController [0;39m [2m:[0;39m 로그인 accessToken 정보 : eyJ0eXAiOiJKV1QiLCJyZWdEYXRlIjoxNjY5MjY1ODU0MjM0LCJhbGciOiJIUzI1NiJ9.eyJleHAiOjE2NjkyNjc2NTQsInN1YiI6ImFjY2Vzcy10b2tlbiIsInVzZXJpZCI6IndvZ2sifQ.kj8VovH4dQPWXVfJyvB2Mzk5peZqjKgdGhhow6qZRoc
[2m2022-11-24 13:57:34.243[0;39m [32mDEBUG[0;39m [35m15844[0;39m [2m---[0;39m [2m[nio-9999-exec-7][0;39m [36mc.ssafy.vue.controller.MemberController [0;39m [2m:[0;39m 로그인 refreshToken 정보 : eyJ0eXAiOiJKV1QiLCJyZWdEYXRlIjoxNjY5MjY1ODU0MjM0LCJhbGciOiJIUzI1NiJ9.eyJleHAiOjE2NjczOTAwODYsInN1YiI6InJlZnJlc2gtdG9rZW4iLCJ1c2VyaWQiOiJ3b2drIn0.mi3_LQ0qEVBTfwzYDetK4Sbldn4PLOLi8_tLdILUfQ0
[2m2022-11-24 13:58:07.042[0;39m [32mDEBUG[0;39m [35m15844[0;39m [2m---[0;39m [2m[nio-9999-exec-3][0;39m [36mc.ssafy.vue.controller.MemberController [0;39m [2m:[0;39m 로그인 accessToken 정보 : eyJ0eXAiOiJKV1QiLCJyZWdEYXRlIjoxNjY5MjY1ODg3MDIyLCJhbGciOiJIUzI1NiJ9.eyJleHAiOjE2NjkyNjc2ODcsInN1YiI6ImFjY2Vzcy10b2tlbiIsInVzZXJpZCI6Ijk5OSJ9.suXFZy9ZN5jnFxt_cnaK4WswJThLaPMZoskW5rM0Ry0
[2m2022-11-24 13:58:07.042[0;39m [32mDEBUG[0;39m [35m15844[0;39m [2m---[0;39m [2m[nio-9999-exec-3][0;39m [36mc.ssafy.vue.controller.MemberController [0;39m [2m:[0;39m 로그인 refreshToken 정보 : eyJ0eXAiOiJKV1QiLCJyZWdEYXRlIjoxNjY5MjY1ODg3MDIyLCJhbGciOiJIUzI1NiJ9.eyJleHAiOjE2NjczOTAxMTksInN1YiI6InJlZnJlc2gtdG9rZW4iLCJ1c2VyaWQiOiI5OTkifQ.zns2mywj6B3M_WYovj6aMQl1JGaGBBe3_iR_Cl42KbQ
[2m2022-11-24 14:24:10.470[0;39m [32m INFO[0;39m [35m15844[0;39m [2m---[0;39m [2m[nio-9999-exec-5][0;39m [36mc.s.vue.controller.HouseMapController   [0;39m [2m:[0;39m sido - 호출
[2m2022-11-24 14:24:13.181[0;39m [32m INFO[0;39m [35m15844[0;39m [2m---[0;39m [2m[nio-9999-exec-6][0;39m [36mc.s.vue.controller.HouseMapController   [0;39m [2m:[0;39m gugun - 호출
[2m2022-11-24 14:28:36.876[0;39m [32m INFO[0;39m [35m15844[0;39m [2m---[0;39m [2m[nio-9999-exec-8][0;39m [36mc.s.vue.controller.HouseMapController   [0;39m [2m:[0;39m sido - 호출
[2m2022-11-24 14:28:39.050[0;39m [32m INFO[0;39m [35m15844[0;39m [2m---[0;39m [2m[nio-9999-exec-9][0;39m [36mc.s.vue.controller.HouseMapController   [0;39m [2m:[0;39m gugun - 호출
[2m2022-11-24 14:28:44.292[0;39m [32m INFO[0;39m [35m15844[0;39m [2m---[0;39m [2m[io-9999-exec-10][0;39m [36mc.s.vue.controller.HouseMapController   [0;39m [2m:[0;39m sido - 호출
[2m2022-11-24 14:28:45.534[0;39m [32m INFO[0;39m [35m15844[0;39m [2m---[0;39m [2m[nio-9999-exec-1][0;39m [36mc.s.vue.controller.HouseMapController   [0;39m [2m:[0;39m gugun - 호출
[2m2022-11-24 14:28:46.991[0;39m [32m INFO[0;39m [35m15844[0;39m [2m---[0;39m [2m[nio-9999-exec-2][0;39m [36mc.s.vue.controller.HouseMapController   [0;39m [2m:[0;39m gugun - 호출
[2m2022-11-24 14:40:05.127[0;39m [32m INFO[0;39m [35m15844[0;39m [2m---[0;39m [2m[n(94)-127.0.0.1][0;39m [36minMXBeanRegistrar$SpringApplicationAdmin[0;39m [2m:[0;39m Application shutdown requested.
[2m2022-11-24 14:40:05.234[0;39m [33m WARN[0;39m [35m15844[0;39m [2m---[0;39m [2m[n(94)-127.0.0.1][0;39m [36mo.a.c.loader.WebappClassLoaderBase      [0;39m [2m:[0;39m The web application [vue] appears to have started a thread named [HikariPool-1 housekeeper] but has failed to stop it. This is very likely to create a memory leak. Stack trace of thread:
 sun.misc.Unsafe.park(Native Method)
 java.util.concurrent.locks.LockSupport.parkNanos(LockSupport.java:215)
 java.util.concurrent.locks.AbstractQueuedSynchronizer$ConditionObject.awaitNanos(AbstractQueuedSynchronizer.java:2078)
 java.util.concurrent.ScheduledThreadPoolExecutor$DelayedWorkQueue.take(ScheduledThreadPoolExecutor.java:1093)
 java.util.concurrent.ScheduledThreadPoolExecutor$DelayedWorkQueue.take(ScheduledThreadPoolExecutor.java:809)
 java.util.concurrent.ThreadPoolExecutor.getTask(ThreadPoolExecutor.java:1074)
 java.util.concurrent.ThreadPoolExecutor.runWorker(ThreadPoolExecutor.java:1134)
 java.util.concurrent.ThreadPoolExecutor$Worker.run(ThreadPoolExecutor.java:624)
 java.lang.Thread.run(Thread.java:748)
[2m2022-11-24 16:02:03.620[0;39m [32m INFO[0;39m [35m13280[0;39m [2m---[0;39m [2m[           main][0;39m [36mo.s.b.w.embedded.tomcat.TomcatWebServer [0;39m [2m:[0;39m Tomcat initialized with port(s): 9999 (http)
[2m2022-11-24 16:02:03.694[0;39m [32m INFO[0;39m [35m13280[0;39m [2m---[0;39m [2m[           main][0;39m [36mw.s.c.ServletWebServerApplicationContext[0;39m [2m:[0;39m Root WebApplicationContext: initialization completed in 830 ms
[2m2022-11-24 16:02:04.242[0;39m [32m INFO[0;39m [35m13280[0;39m [2m---[0;39m [2m[           main][0;39m [36mo.s.b.w.embedded.tomcat.TomcatWebServer [0;39m [2m:[0;39m Tomcat started on port(s): 9999 (http) with context path '/vue'
[2m2022-11-24 16:03:21.760[0;39m [32m INFO[0;39m [35m13280[0;39m [2m---[0;39m [2m[nio-9999-exec-1][0;39m [36mo.s.web.servlet.DispatcherServlet       [0;39m [2m:[0;39m Initializing Servlet 'dispatcherServlet'
[2m2022-11-24 16:03:21.761[0;39m [32m INFO[0;39m [35m13280[0;39m [2m---[0;39m [2m[nio-9999-exec-1][0;39m [36mo.s.web.servlet.DispatcherServlet       [0;39m [2m:[0;39m Completed initialization in 1 ms
[2m2022-11-24 16:03:21.788[0;39m [32m INFO[0;39m [35m13280[0;39m [2m---[0;39m [2m[nio-9999-exec-1][0;39m [36mc.ssafy.vue.controller.BoardController  [0;39m [2m:[0;39m listArticle - 호출
[2m2022-11-24 16:03:49.501[0;39m [32mDEBUG[0;39m [35m13280[0;39m [2m---[0;39m [2m[nio-9999-exec-4][0;39m [36mc.ssafy.vue.controller.MemberController [0;39m [2m:[0;39m 로그인 accessToken 정보 : eyJ0eXAiOiJKV1QiLCJyZWdEYXRlIjoxNjY5MjczNDI5NDc4LCJhbGciOiJIUzI1NiJ9.eyJleHAiOjE2NjkyNzUyMjksInN1YiI6ImFjY2Vzcy10b2tlbiIsInVzZXJpZCI6Ijk5OSJ9.LS4OnM-LG46KJxRkoChhxLF5Fi3XoawIg3HqvLWck2o
[2m2022-11-24 16:03:49.502[0;39m [32mDEBUG[0;39m [35m13280[0;39m [2m---[0;39m [2m[nio-9999-exec-4][0;39m [36mc.ssafy.vue.controller.MemberController [0;39m [2m:[0;39m 로그인 refreshToken 정보 : eyJ0eXAiOiJKV1QiLCJyZWdEYXRlIjoxNjY5MjczNDI5NDkxLCJhbGciOiJIUzI1NiJ9.eyJleHAiOjE2NjczOTc2NjIsInN1YiI6InJlZnJlc2gtdG9rZW4iLCJ1c2VyaWQiOiI5OTkifQ.k1CZMPVUkxukZpueKgZWCVEJA_LD8lp-eq_ekIP11T0
[2m2022-11-24 16:03:51.258[0;39m [32m INFO[0;39m [35m13280[0;39m [2m---[0;39m [2m[nio-9999-exec-7][0;39m [36mc.ssafy.vue.controller.BoardController  [0;39m [2m:[0;39m listArticle - 호출
[2m2022-11-24 16:04:21.082[0;39m [32m INFO[0;39m [35m13280[0;39m [2m---[0;39m [2m[nio-9999-exec-9][0;39m [36mc.s.vue.controller.HouseMapController   [0;39m [2m:[0;39m sido - 호출
[2m2022-11-24 16:04:21.577[0;39m [32m INFO[0;39m [35m13280[0;39m [2m---[0;39m [2m[io-9999-exec-10][0;39m [36mc.ssafy.vue.controller.BoardController  [0;39m [2m:[0;39m listArticle - 호출
[2m2022-11-24 16:04:21.931[0;39m [32m INFO[0;39m [35m13280[0;39m [2m---[0;39m [2m[nio-9999-exec-1][0;39m [36mc.s.vue.controller.HouseMapController   [0;39m [2m:[0;39m sido - 호출
[2m2022-11-24 16:04:25.076[0;39m [32m INFO[0;39m [35m13280[0;39m [2m---[0;39m [2m[nio-9999-exec-3][0;39m [36mc.s.vue.controller.HouseMapController   [0;39m [2m:[0;39m gugun - 호출
[2m2022-11-24 16:04:41.297[0;39m [32m INFO[0;39m [35m13280[0;39m [2m---[0;39m [2m[nio-9999-exec-2][0;39m [36mc.s.vue.controller.HouseMapController   [0;39m [2m:[0;39m gugun - 호출
[2m2022-11-24 16:54:55.010[0;39m [32m INFO[0;39m [35m13280[0;39m [2m---[0;39m [2m[n(63)-127.0.0.1][0;39m [36minMXBeanRegistrar$SpringApplicationAdmin[0;39m [2m:[0;39m Application shutdown requested.
[2m2022-11-24 16:54:55.124[0;39m [33m WARN[0;39m [35m13280[0;39m [2m---[0;39m [2m[n(63)-127.0.0.1][0;39m [36mo.a.c.loader.WebappClassLoaderBase      [0;39m [2m:[0;39m The web application [vue] appears to have started a thread named [HikariPool-1 housekeeper] but has failed to stop it. This is very likely to create a memory leak. Stack trace of thread:
 sun.misc.Unsafe.park(Native Method)
 java.util.concurrent.locks.LockSupport.parkNanos(LockSupport.java:215)
 java.util.concurrent.locks.AbstractQueuedSynchronizer$ConditionObject.awaitNanos(AbstractQueuedSynchronizer.java:2078)
 java.util.concurrent.ScheduledThreadPoolExecutor$DelayedWorkQueue.take(ScheduledThreadPoolExecutor.java:1093)
 java.util.concurrent.ScheduledThreadPoolExecutor$DelayedWorkQueue.take(ScheduledThreadPoolExecutor.java:809)
 java.util.concurrent.ThreadPoolExecutor.getTask(ThreadPoolExecutor.java:1074)
 java.util.concurrent.ThreadPoolExecutor.runWorker(ThreadPoolExecutor.java:1134)
 java.util.concurrent.ThreadPoolExecutor$Worker.run(ThreadPoolExecutor.java:624)
 java.lang.Thread.run(Thread.java:748)
